<?xml version="1.0" encoding="utf-8"?><testsuites name="pytest tests"><testsuite name="pytest" errors="0" failures="0" skipped="0" tests="15" time="10.679" timestamp="2026-07-05T07:07:59.578171+00:00" hostname="agent-env-1797b0d1-63dd-4a45-aecd-37d20fa95af9"><testcase classname="tests.backend_test.TestDonors" name="test_list_all_donors" time="0.183" /><testcase classname="tests.backend_test.TestDonors" name="test_filter_donors_kolkata_bpos" time="0.283" /><testcase classname="tests.backend_test.TestDonors" name="test_register_donor" time="0.226" /><testcase classname="tests.backend_test.TestHealthAndStats" name="test_health" time="0.096" /><testcase classname="tests.backend_test.TestHealthAndStats" name="test_stats" time="0.134" /><testcase classname="tests.backend_test.TestChat" name="test_chat_sse_hindi" time="2.489" /><testcase classname="tests.backend_test.TestChat" name="test_chat_history" time="2.923" /><testcase classname="tests.backend_test.TestRequests" name="test_create_request_has_ai_message_and_coords" time="3.630" /><testcase classname="tests.backend_test.TestRequests" name="test_get_request" time="0.112" /><testcase classname="tests.backend_test.TestRequests" name="test_matches_compatible_only" time="0.100" /><testcase classname="tests.backend_test.TestBloodBanks" name="test_blood_banks_kolkata_bpos" time="0.103" /><testcase classname="tests.backend_test.TestNotifications" name="test_notify_and_list_and_respond" time="0.485" /><testcase classname="tests.backend_test.TestDocument" name="test_analyze_prescription_image" time="3.058" /><testcase classname="tests.backend_test.TestCamps" name="test_create_and_list_camp" time="0.194" /><testcase classname="tests.backend_test.TestCamps" name="test_generate_awareness" time="3.561" /></testsuite></testsuites>